生成启动时间为 2018/10/23 20:41:13。
     1>项目“E:\C语言代码\比特作业\NCday_11\确定名次\确定名次\确定名次.vcxproj”在节点 2 上(Build 个目标)。
     1>ClCompile:
         D:\Program Files (x86)\Microsoft Visual Studio 12.0\VC\bin\CL.exe /c /ZI /nologo /W3 /WX- /sdl /Od /Oy- /D WIN32 /D _DEBUG /D _CONSOLE /D _LIB /D _UNICODE /D UNICODE /Gm /EHsc /RTC1 /MDd /GS /fp:precise /Zc:wchar_t /Zc:forScope /Fo"Debug\\" /Fd"Debug\vc120.pdb" /Gd /TC /analyze- /errorReport:prompt test.c
         test.c
     1>e:\c语言代码\比特作业\ncday_11\确定名次\确定名次\test.c(49): error C2143: 语法错误 : 缺少“)”(在“字符串”的前面)
     1>e:\c语言代码\比特作业\ncday_11\确定名次\确定名次\test.c(49): error C2143: 语法错误 : 缺少“{”(在“字符串”的前面)
     1>e:\c语言代码\比特作业\ncday_11\确定名次\确定名次\test.c(49): error C2059: 语法错误:“字符串”
     1>e:\c语言代码\比特作业\ncday_11\确定名次\确定名次\test.c(49): error C2059: 语法错误:“)”
     1>e:\c语言代码\比特作业\ncday_11\确定名次\确定名次\test.c(50): error C2059: 语法错误:“return”
     1>e:\c语言代码\比特作业\ncday_11\确定名次\确定名次\test.c(51): error C2059: 语法错误:“}”
     1>已完成生成项目“E:\C语言代码\比特作业\NCday_11\确定名次\确定名次\确定名次.vcxproj”(Build 个目标)的操作 - 失败。

生成失败。

已用时间 00:00:00.21
